<?xml version="1.0" encoding="UTF-8"?>
<testng-results ignored="0" total="10" passed="9" failed="1" skipped="0">
  <reporter-output>
  </reporter-output>
  <suite started-at="2025-08-18T22:09:03 IST" name="Default suite" finished-at="2025-08-18T22:10:14 IST" duration-ms="71444">
    <groups>
    </groups>
    <test started-at="2025-08-18T22:09:03 IST" name="Default test" finished-at="2025-08-18T22:10:14 IST" duration-ms="71444">
      <class name="Testing_package.Tira">
        <test-method is-config="true" signature="setup()[pri:0, instance:Testing_package.Tira@367ffa75]" started-at="2025-08-18T22:09:03 IST" name="setup" finished-at="2025-08-18T22:09:19 IST" duration-ms="16602" status="PASS">
          <reporter-output>
          </reporter-output>
        </test-method> <!-- setup -->
        <test-method signature="multiSearch()[pri:1, instance:Testing_package.Tira@367ffa75]" started-at="2025-08-18T22:09:19 IST" name="multiSearch" finished-at="2025-08-18T22:09:29 IST" duration-ms="9775" status="PASS">
          <reporter-output>
          </reporter-output>
        </test-method> <!-- multiSearch -->
        <test-method signature="atocart()[pri:2, instance:Testing_package.Tira@367ffa75]" started-at="2025-08-18T22:09:29 IST" name="atocart" finished-at="2025-08-18T22:09:39 IST" duration-ms="9959" status="PASS">
          <reporter-output>
          </reporter-output>
        </test-method> <!-- atocart -->
        <test-method signature="helpc()[pri:3, instance:Testing_package.Tira@367ffa75]" started-at="2025-08-18T22:09:39 IST" name="helpc" finished-at="2025-08-18T22:09:44 IST" duration-ms="4524" status="PASS">
          <reporter-output>
          </reporter-output>
        </test-method> <!-- helpc -->
        <test-method signature="brand1()[pri:4, instance:Testing_package.Tira@367ffa75]" started-at="2025-08-18T22:09:44 IST" name="brand1" finished-at="2025-08-18T22:09:47 IST" duration-ms="3248" status="PASS">
          <reporter-output>
          </reporter-output>
        </test-method> <!-- brand1 -->
        <test-method signature="offer1()[pri:5, instance:Testing_package.Tira@367ffa75]" started-at="2025-08-18T22:09:47 IST" name="offer1" finished-at="2025-08-18T22:10:01 IST" duration-ms="13999" status="FAIL">
          <exception class="org.openqa.selenium.ElementNotInteractableException">
            <message>
              <![CDATA[element not interactable
  (Session info: chrome=139.0.7258.128)
Build info: version: '4.34.0', revision: '2a4c61c498'
System info: os.name: 'Windows 11', os.arch: 'amd64', os.version: '10.0', java.version: '21.0.7'
Driver info: org.openqa.selenium.chrome.ChromeDriver
Command: [6ae7bdfe34b845383e7cb79bb992fdff, clickElement {id=f.B9636214A5DC5F0C3209A9B55C0A4B67.d.A21A8CC475812719FBA8557AD3FB7189.e.370}]
Capabilities {acceptInsecureCerts: false, browserName: chrome, browserVersion: 139.0.7258.128, chrome: {chromedriverVersion: 139.0.7258.68 (40ff94600b6e..., userDataDir: C:\Users\priya\AppData\Loca...}, fedcm:accounts: true, goog:chromeOptions: {debuggerAddress: localhost:50175}, networkConnectionEnabled: false, pageLoadStrategy: normal, platformName: windows, proxy: Proxy(), se:cdp: ws://localhost:50175/devtoo..., se:cdpVersion: 139.0.7258.128, setWindowRect: true, strictFileInteractability: false, timeouts: {implicit: 0, pageLoad: 300000, script: 30000}, unhandledPromptBehavior: dismiss and notify, webauthn:extension:credBlob: true, webauthn:extension:largeBlob: true, webauthn:extension:minPinLength: true, webauthn:extension:prf: true, webauthn:virtualAuthenticators: true}
Element: [[ChromeDriver: chrome on windows (6ae7bdfe34b845383e7cb79bb992fdff)] -> xpath: //*[@id="1productListSpecial"]/div/div[2]/div/div/div[2]/div[1]/a/div/div[3]/div/div/div[2]/button]
Session ID: 6ae7bdfe34b845383e7cb79bb992fdff]]>
            </message>
            <full-stacktrace>
              <![CDATA[org.openqa.selenium.ElementNotInteractableException: element not interactable
  (Session info: chrome=139.0.7258.128)
Build info: version: '4.34.0', revision: '2a4c61c498'
System info: os.name: 'Windows 11', os.arch: 'amd64', os.version: '10.0', java.version: '21.0.7'
Driver info: org.openqa.selenium.chrome.ChromeDriver
Command: [6ae7bdfe34b845383e7cb79bb992fdff, clickElement {id=f.B9636214A5DC5F0C3209A9B55C0A4B67.d.A21A8CC475812719FBA8557AD3FB7189.e.370}]
Capabilities {acceptInsecureCerts: false, browserName: chrome, browserVersion: 139.0.7258.128, chrome: {chromedriverVersion: 139.0.7258.68 (40ff94600b6e..., userDataDir: C:\Users\priya\AppData\Loca...}, fedcm:accounts: true, goog:chromeOptions: {debuggerAddress: localhost:50175}, networkConnectionEnabled: false, pageLoadStrategy: normal, platformName: windows, proxy: Proxy(), se:cdp: ws://localhost:50175/devtoo..., se:cdpVersion: 139.0.7258.128, setWindowRect: true, strictFileInteractability: false, timeouts: {implicit: 0, pageLoad: 300000, script: 30000}, unhandledPromptBehavior: dismiss and notify, webauthn:extension:credBlob: true, webauthn:extension:largeBlob: true, webauthn:extension:minPinLength: true, webauthn:extension:prf: true, webauthn:virtualAuthenticators: true}
Element: [[ChromeDriver: chrome on windows (6ae7bdfe34b845383e7cb79bb992fdff)] -> xpath: //*[@id="1productListSpecial"]/div/div[2]/div/div/div[2]/div[1]/a/div/div[3]/div/div/div[2]/button]
Session ID: 6ae7bdfe34b845383e7cb79bb992fdff
at java.base/jdk.internal.reflect.DirectConstructorHandleAccessor.newInstance(DirectConstructorHandleAccessor.java:62)
at java.base/java.lang.reflect.Constructor.newInstanceWithCaller(Constructor.java:502)
at java.base/java.lang.reflect.Constructor.newInstance(Constructor.java:486)
at org.openqa.selenium.remote.ErrorCodec.decode(ErrorCodec.java:167)
at org.openqa.selenium.remote.codec.w3c.W3CHttpResponseCodec.decode(W3CHttpResponseCodec.java:138)
at org.openqa.selenium.remote.codec.w3c.W3CHttpResponseCodec.decode(W3CHttpResponseCodec.java:50)
at org.openqa.selenium.remote.HttpCommandExecutor.execute(HttpCommandExecutor.java:215)
at org.openqa.selenium.remote.service.DriverCommandExecutor.invokeExecute(DriverCommandExecutor.java:216)
at org.openqa.selenium.remote.service.DriverCommandExecutor.execute(DriverCommandExecutor.java:174)
at org.openqa.selenium.remote.RemoteWebDriver.execute(RemoteWebDriver.java:544)
at org.openqa.selenium.remote.RemoteWebElement.execute(RemoteWebElement.java:223)
at org.openqa.selenium.remote.RemoteWebElement.click(RemoteWebElement.java:76)
at Testing_package.Pageclass2.offer(Pageclass2.java:160)
at Testing_package.Tira.offer1(Tira.java:53)
at java.base/jdk.internal.reflect.DirectMethodHandleAccessor.invoke(DirectMethodHandleAccessor.java:103)
at java.base/java.lang.reflect.Method.invoke(Method.java:580)
at org.testng.internal.invokers.MethodInvocationHelper.invokeMethod(MethodInvocationHelper.java:141)
at org.testng.internal.invokers.TestInvoker.invokeMethod(TestInvoker.java:687)
at org.testng.internal.invokers.TestInvoker.invokeTestMethod(TestInvoker.java:230)
at org.testng.internal.invokers.MethodRunner.runInSequence(MethodRunner.java:63)
at org.testng.internal.invokers.TestInvoker$MethodInvocationAgent.invoke(TestInvoker.java:995)
at org.testng.internal.invokers.TestInvoker.invokeTestMethods(TestInvoker.java:203)
at org.testng.internal.invokers.TestMethodWorker.invokeTestMethods(TestMethodWorker.java:154)
at org.testng.internal.invokers.TestMethodWorker.run(TestMethodWorker.java:134)
at java.base/java.util.ArrayList.forEach(ArrayList.java:1596)
at org.testng.TestRunner.privateRun(TestRunner.java:741)
at org.testng.TestRunner.run(TestRunner.java:616)
at org.testng.SuiteRunner.runTest(SuiteRunner.java:421)
at org.testng.SuiteRunner.runSequentially(SuiteRunner.java:413)
at org.testng.SuiteRunner.privateRun(SuiteRunner.java:373)
at org.testng.SuiteRunner.run(SuiteRunner.java:312)
at org.testng.SuiteRunnerWorker.runSuite(SuiteRunnerWorker.java:52)
at org.testng.SuiteRunnerWorker.run(SuiteRunnerWorker.java:95)
at org.testng.TestNG.runSuitesSequentially(TestNG.java:1274)
at org.testng.TestNG.runSuitesLocally(TestNG.java:1208)
at org.testng.TestNG.runSuites(TestNG.java:1112)
at org.testng.TestNG.run(TestNG.java:1079)
at org.testng.remote.AbstractRemoteTestNG.run(AbstractRemoteTestNG.java:115)
at org.testng.remote.RemoteTestNG.initAndRun(RemoteTestNG.java:293)
at org.testng.remote.RemoteTestNG.main(RemoteTestNG.java:91)
]]>
            </full-stacktrace>
          </exception> <!-- org.openqa.selenium.ElementNotInteractableException -->
          <reporter-output>
          </reporter-output>
        </test-method> <!-- offer1 -->
        <test-method signature="desc()[pri:6, instance:Testing_package.Tira@367ffa75]" started-at="2025-08-18T22:10:01 IST" name="desc" finished-at="2025-08-18T22:10:03 IST" duration-ms="1633" status="PASS">
          <reporter-output>
          </reporter-output>
        </test-method> <!-- desc -->
        <test-method signature="subscrip()[pri:7, instance:Testing_package.Tira@367ffa75]" started-at="2025-08-18T22:10:03 IST" name="subscrip" finished-at="2025-08-18T22:10:03 IST" duration-ms="197" status="PASS">
          <reporter-output>
          </reporter-output>
        </test-method> <!-- subscrip -->
        <test-method signature="shades()[pri:8, instance:Testing_package.Tira@367ffa75]" started-at="2025-08-18T22:10:03 IST" name="shades" finished-at="2025-08-18T22:10:08 IST" duration-ms="4832" status="PASS">
          <reporter-output>
          </reporter-output>
        </test-method> <!-- shades -->
        <test-method signature="faqsss()[pri:9, instance:Testing_package.Tira@367ffa75]" started-at="2025-08-18T22:10:08 IST" name="faqsss" finished-at="2025-08-18T22:10:10 IST" duration-ms="2481" status="PASS">
          <reporter-output>
          </reporter-output>
        </test-method> <!-- faqsss -->
        <test-method signature="instagram()[pri:10, instance:Testing_package.Tira@367ffa75]" started-at="2025-08-18T22:10:10 IST" name="instagram" finished-at="2025-08-18T22:10:14 IST" duration-ms="4066" status="PASS">
          <reporter-output>
          </reporter-output>
        </test-method> <!-- instagram -->
        <test-method is-config="true" signature="afterClass()[pri:0, instance:Testing_package.Tira@367ffa75]" started-at="2025-08-18T22:10:14 IST" name="afterClass" finished-at="2025-08-18T22:10:14 IST" duration-ms="69" status="PASS">
          <reporter-output>
          </reporter-output>
        </test-method> <!-- afterClass -->
      </class> <!-- Testing_package.Tira -->
    </test> <!-- Default test -->
  </suite> <!-- Default suite -->
</testng-results>
